Mon Oct  4 11:33:52 2021: Hive (E:\MA_Lab_Assignment1\ACQ-IR-ROBINSON-PC-20211004-1029\Reg\SOFTWARE) is not dirty.

Mon Oct  4 11:33:52 2021: Log opened.
Mon Oct  4 11:33:52 2021: File: E:\MA_Lab_Assignment1\ACQ-IR-ROBINSON-PC-20211004-1029\Reg\SOFTWARE
Mon Oct  4 11:33:52 2021: Environment set up.
Mon Oct  4 11:33:52 2021: Launching allowedenum v.20200511
Mon Oct  4 11:33:52 2021: Launching appcompatflags v.20200525
Mon Oct  4 11:33:52 2021: Launching appinitdlls v.20200427
Mon Oct  4 11:33:52 2021: Launching appkeys v.20200517
Mon Oct  4 11:33:52 2021: Launching apppaths v.20200511
Mon Oct  4 11:33:52 2021: Launching at v.20200525
Mon Oct  4 11:33:52 2021: Launching audiodev v.20200525
Mon Oct  4 11:33:52 2021: Launching btconfig v.20200526
Mon Oct  4 11:33:52 2021: Launching calibrator v.20200427
Mon Oct  4 11:33:52 2021: Launching clsid v.20200526
Mon Oct  4 11:34:09 2021: Launching cmd_shell v.20200515
Mon Oct  4 11:34:11 2021: Launching dcom v.20200525
Mon Oct  4 11:34:11 2021: Launching defender v.20200427
Mon Oct  4 11:34:11 2021: Launching disablemru v.20190924
Mon Oct  4 11:34:11 2021: Launching disablesr v.20200515
Mon Oct  4 11:34:11 2021: Launching drivers32 v.20200525
Mon Oct  4 11:34:11 2021: Launching emdmgmt v.20200511
Mon Oct  4 11:34:11 2021: Launching execpolicy v.20200517
Mon Oct  4 11:34:11 2021: Launching gpohist v.
Mon Oct  4 11:34:11 2021: Launching heap v.20200427
Mon Oct  4 11:34:11 2021: Launching ica_sessions v.20200528
Mon Oct  4 11:34:11 2021: Launching imagefile v.20200515
Mon Oct  4 11:34:11 2021: Launching injectdll64 v.20200427
Mon Oct  4 11:34:11 2021: Launching inprocserver v.20200427
Mon Oct  4 11:34:13 2021: Launching installer v.20200517
Mon Oct  4 11:34:13 2021: Launching killsuit v.20200427
Mon Oct  4 11:34:13 2021: Launching landesk v.20200517
Mon Oct  4 11:34:13 2021: Launching lastloggedon v.20200517
Mon Oct  4 11:34:13 2021: Launching licenses v.20200526
Mon Oct  4 11:34:13 2021: Launching macaddr v.20200515
Mon Oct  4 11:34:13 2021: Launching msis v.20200517
Mon Oct  4 11:34:14 2021: Launching netsh v.20200515
Mon Oct  4 11:34:14 2021: Launching networkcards v.20200518
Mon Oct  4 11:34:14 2021: Launching networklist v.20200518
Mon Oct  4 11:34:14 2021: Launching outlook_homepage v.20201002
Mon Oct  4 11:34:14 2021: Launching portdev v.20090118
Mon Oct  4 11:34:14 2021: Launching powershellcore v.20200525
Mon Oct  4 11:34:14 2021: Launching printdemon v.20200514
Mon Oct  4 11:34:14 2021: Launching profilelist v.20200518
Mon Oct  4 11:34:14 2021: Launching pslogging v.20200515
Mon Oct  4 11:34:14 2021: Launching psscript v.20200525
Mon Oct  4 11:34:14 2021: Launching run v.20200511
Mon Oct  4 11:34:14 2021: Launching runonceex v.20200427
Mon Oct  4 11:34:14 2021: Launching runvirtual v.20200427
Mon Oct  4 11:34:14 2021: Launching ryuk_gpo v.20200427
Mon Oct  4 11:34:14 2021: Launching schedagent v.20200518
Mon Oct  4 11:34:14 2021: Launching scriptleturl v.20200525
Mon Oct  4 11:34:15 2021: Launching secctr v.20200517
Mon Oct  4 11:34:15 2021: Launching sfc v.20200517
Mon Oct  4 11:34:15 2021: Launching shelloverlay v.20100308
Mon Oct  4 11:34:15 2021: Launching spp_clients v.20130429
Mon Oct  4 11:34:15 2021: Launching srum v.20200518
Mon Oct  4 11:34:15 2021: Launching ssid v.20200515
Mon Oct  4 11:34:15 2021: Launching susclient v.20200518
Mon Oct  4 11:34:15 2021: Launching systemindex v.20200518
Mon Oct  4 11:34:15 2021: Launching taskcache v.20200427
Mon Oct  4 11:34:15 2021: Launching tasks v.20200427
Mon Oct  4 11:34:16 2021: Launching termserv v.20200506
Mon Oct  4 11:34:16 2021: Launching thispcpolicy v.20200511
Mon Oct  4 11:34:16 2021: Launching uac v.20200427
Mon Oct  4 11:34:16 2021: Launching uacbypass v.20200511
Mon Oct  4 11:34:17 2021: Launching uninstall v.20200525
Mon Oct  4 11:34:17 2021: Launching wab v.20200427
Mon Oct  4 11:34:17 2021: Launching watp v.20200427
Mon Oct  4 11:34:17 2021: Launching wbem v.20200511
Mon Oct  4 11:34:17 2021: Launching winver v.20200525
Mon Oct  4 11:34:17 2021: Launching wow64 v.20200515
Mon Oct  4 11:34:17 2021: Launching wsh_settings v.20200517
